<?xml version="1.0" encoding="UTF-8"?>
<!-- Generated by org.testng.reporters.JUnitReportReporter -->
<testsuite skipped="0" hostname="I4DEVL011" name="Runners.SmokeTestRunner" tests="3" failures="0" timestamp="2025-08-22T15:04:19 EEST" time="31.273" errors="0">
  <testcase name="runScenario" time="8.695" classname="Runners.SmokeTestRunner"/>
  <system-out/>
  <testcase name="runScenario" time="13.831" classname="Runners.SmokeTestRunner"/>
  <system-out/>
  <testcase name="runScenario" time="8.747" classname="Runners.SmokeTestRunner"/>
  <system-out/>
</testsuite> <!-- Runners.SmokeTestRunner -->
