<?xml version="1.0" encoding="UTF-8"?>
<!-- Generated by org.testng.reporters.JUnitReportReporter -->
<testsuite skipped="0" hostname="I4DEVL011" name="Runners.SmokeTestRunner" tests="3" failures="0" timestamp="2025-08-22T15:43:03 EEST" time="32.665" errors="0">
  <testcase name="runScenario" time="9.189" classname="Runners.SmokeTestRunner"/>
  <system-out/>
  <testcase name="runScenario" time="9.037" classname="Runners.SmokeTestRunner"/>
  <system-out/>
  <testcase name="runScenario" time="14.439" classname="Runners.SmokeTestRunner"/>
  <system-out/>
</testsuite> <!-- Runners.SmokeTestRunner -->
